Failed:
junos_command
junos_config
junos_interfaces
junos_netconf
junos_ospf_interfaces

junos_command:
=============

TASK [junos_command : Run get output for single command] ***********************
[ERROR]: Task failed: Action failed: command timeout triggered, timeout value is 300 secs.
See the timeout setting options in the Network Debug and Troubleshooting Guide.
Origin: /root/ansible_modules_redirection_ansible_merger_branch_venv/ansible-junos-stdlib/ansible_collections/junipernetworks/junos/tests/output/.tmp/integration/junos_command-wdaok3fl-ÅÑŚÌβŁÈ/tests/integration/targets/junos_command/tests/cli/cli_commmand.yaml:7:7

5
6 - block:
7     - name: Run get output for single command
        ^ column 7

fatal: [10.221.140.20]: FAILED! => {"changed": false, "msg": "command timeout triggered, timeout value is 300 secs.\nSee the timeout setting options in the Network Debug and Troubleshooting Guide."}

PLAY RECAP *********************************************************************
10.221.140.20              : ok=196  changed=0    unreachable=0    failed=1    skipped=0    rescued=0    ignored=9   

NOTICE: To resume at this test target, use the option: --start-at junos_command
FATAL: Command "ansible-playbook junos_command-77g7_ug8.yml -i inventory.networking" returned exit status 2.

junos_config:
============
TASK [junos_config : ansible.builtin.assert] ***********************************
[ERROR]: Task failed: Error while evaluating conditional: object of type 'dict' has no attribute 'diff'

Task failed.
Origin: /root/ansible_modules_redirection_ansible_merger_branch_venv/ansible-junos-stdlib/ansible_collections/junipernetworks/junos/tests/output/.tmp/integration/junos_config-jhll_zmt-ÅÑŚÌβŁÈ/tests/integration/targets/junos_config/tests/netconf/multiple.yaml:18:3

16       - set interfaces lo0 unit 0 family inet address 192.0.2.1/32
17
18 - ansible.builtin.assert:
     ^ column 3

<<< caused by >>>

Error while evaluating conditional: object of type 'dict' has no attribute 'diff'
Origin: /root/ansible_modules_redirection_ansible_merger_branch_venv/ansible-junos-stdlib/ansible_collections/junipernetworks/junos/tests/output/.tmp/integration/junos_config-jhll_zmt-ÅÑŚÌβŁÈ/tests/integration/targets/junos_config/tests/netconf/multiple.yaml:21:9

19     that:
20       - result.changed == true
21       - "'host-name;' not in result.diff.prepared"
           ^ column 9

fatal: [10.221.140.20]: FAILED! => {"changed": false, "msg": "Task failed: Error while evaluating conditional: object of type 'dict' has no attribute 'diff'"}

PLAY RECAP *********************************************************************
10.221.140.20              : ok=15   changed=2    unreachable=0    failed=1    skipped=0    rescued=0    ignored=0   

NOTICE: To resume at this test target, use the option: --start-at junos_config
FATAL: Command "ansible-playbook junos_config-ya645vfc.yml -i inventory.networking" returned exit status 2.


junos_interfaces:
================

TASK [junos_interfaces : Assert that facts were correctly generated] ***********
[ERROR]: Task failed: Action failed: Assertion failed
Origin: /root/ansible_modules_redirection_ansible_merger_branch_venv/ansible-junos-stdlib/ansible_collections/junipernetworks/junos/tests/output/.tmp/integration/junos_interfaces-0yrsuw12-ÅÑŚÌβŁÈ/tests/integration/targets/junos_interfaces/tests/netconf/gathered.yaml:63:7

61         state: gathered
62
63     - name: Assert that facts were correctly generated
         ^ column 7

fatal: [10.221.140.20]: FAILED! => {
    "assertion": "{{ expected_merged_output | symmetric_difference(result['gathered']) |length == 0 }}",
    "changed": false,
    "evaluated_to": false,
    "msg": "Assertion failed"
}

TASK [junos_interfaces : Reset configuration] **********************************
included: /root/ansible_modules_redirection_ansible_merger_branch_venv/ansible-junos-stdlib/ansible_collections/junipernetworks/junos/tests/output/.tmp/integration/junos_interfaces-0yrsuw12-ÅÑŚÌβŁÈ/tests/integration/targets/junos_interfaces/tests/netconf/_remove_config.yaml for 10.221.140.20

TASK [junos_interfaces : Debug task] *******************************************
ok: [10.221.140.20] => {
    "msg": "Start junos_nterfaces deleted remove interface config ansible_connection=ansible.netcommon.netconf"
}

TASK [junos_interfaces : Setup - remove interface config] **********************
changed: [10.221.140.20]

TASK [junos_interfaces : Debug task] *******************************************
ok: [10.221.140.20] => {
    "msg": "End junos_nterfaces deleted remove interface config ansible_connection=ansible.netcommon.netconf"
}

PLAY RECAP *********************************************************************
10.221.140.20              : ok=31   changed=3    unreachable=0    failed=1    skipped=0    rescued=0    ignored=0   

NOTICE: To resume at this test target, use the option: --start-at junos_interfaces
FATAL: Command "ansible-playbook junos_interfaces-qmvwsig2.yml -i inventory.networking" returned exit status 2.


junos_netconf:
=============

TASK [junos_netconf : Ensure netconf is enabled] *******************************
[ERROR]: Task failed: Action failed: command timeout triggered, timeout value is 300 secs.
See the timeout setting options in the Network Debug and Troubleshooting Guide.
Origin: /root/ansible_modules_redirection_ansible_merger_branch_venv/ansible-junos-stdlib/ansible_collections/junipernetworks/junos/tests/output/.tmp/integration/junos_netconf-r_jucg74-ÅÑŚÌβŁÈ/tests/integration/targets/junos_netconf/tests/cli/netconf.yaml:4:3

2 - ansible.builtin.debug: msg="START netconf/netconf.yaml on connection={{ ansible_connection }}"
3
4 - name: Ensure netconf is enabled
    ^ column 3

fatal: [10.221.140.20]: FAILED! => {"changed": false, "msg": "command timeout triggered, timeout value is 300 secs.\nSee the timeout setting options in the Network Debug and Troubleshooting Guide."}

PLAY RECAP *********************************************************************
10.221.140.20              : ok=6    changed=0    unreachable=0    failed=1    skipped=0    rescued=0    ignored=0   

NOTICE: To resume at this test target, use the option: --start-at junos_netconf
FATAL: Command "ansible-playbook junos_netconf-vgf91pr3.yml -i inventory.networking" returned exit status 2.


junos_net_put:
=============

TASK [junos_net_put : Delete file from network device] *************************
[ERROR]: Task failed: Action failed: command timeout triggered, timeout value is 300 secs.
See the timeout setting options in the Network Debug and Troubleshooting Guide.
Origin: /root/ansible_modules_redirection_ansible_merger_branch_venv/ansible-junos-stdlib/ansible_collections/junipernetworks/junos/tests/output/.tmp/integration/junos_net_put-__jwtlp7-ÅÑŚÌβŁÈ/tests/integration/targets/junos_net_put/tests/junos_net_put.yaml:33:3

31       - result.failed == false
32
33 - name: Delete file from network device
     ^ column 3

fatal: [10.221.140.20]: FAILED! => {"changed": false, "msg": "command timeout triggered, timeout value is 300 secs.\nSee the timeout setting options in the Network Debug and Troubleshooting Guide."}

PLAY RECAP *********************************************************************
10.221.140.20              : ok=10   changed=1    unreachable=0    failed=1    skipped=0    rescued=0    ignored=0   

NOTICE: To resume at this test target, use the option: --start-at junos_net_put
FATAL: Command "ansible-playbook junos_net_put-i4f8s12a.yml -i inventory.networking" returned exit status 2.


junos_ospf_interfaces:
=====================
TASK [junos_ospf_interfaces : Assert the configuration is reflected on host] ***
[ERROR]: Task failed: Action failed: Assertion failed
Origin: /root/ansible_modules_redirection_ansible_merger_branch_venv/ansible-junos-stdlib/ansible_collections/junipernetworks/junos/tests/output/.tmp/integration/junos_ospf_interfaces-w9kfhmcl-ÅÑŚÌβŁÈ/tests/integration/targets/junos_ospf_interfaces/tests/netconf/merged.yaml:159:7

157       register: result
158
159     - name: Assert the configuration is reflected on host
          ^ column 7

fatal: [10.221.140.20]: FAILED! => {
    "assertion": "{{ expected_config | symmetric_difference(result['after']) |length == 0 }}",
    "changed": false,
    "evaluated_to": false,
    "msg": "Assertion failed"
}


junos_smoke:
===========

TASK [junos_smoke : ansible.netcommon.cli_command] *****************************
[ERROR]: Task failed: Action failed: command timeout triggered, timeout value is 300 secs.
See the timeout setting options in the Network Debug and Troubleshooting Guide.
Origin: /root/ansible_modules_redirection_ansible_merger_branch_venv/ansible-junos-stdlib/ansible_collections/junipernetworks/junos/tests/output/.tmp/integration/junos_smoke-blhxk0h9-ÅÑŚÌβŁÈ/tests/integration/targets/junos_smoke/tests/cli/reboot.yaml:5:7

3     msg: START cli/cli_reboot.yaml on connection={{ ansible_connection }}
4 - block:
5     - ansible.netcommon.cli_command:
        ^ column 7

fatal: [10.221.140.20]: FAILED! => {"changed": false, "msg": "command timeout triggered, timeout value is 300 secs.\nSee the timeout setting options in the Network Debug and Troubleshooting Guide."}

PLAY RECAP *********************************************************************
10.221.140.20              : ok=8    changed=0    unreachable=0    failed=1    skipped=9    rescued=0    ignored=0   

NOTICE: To resume at this test target, use the option: --start-at junos_smoke
FATAL: Command "ansible-playbook junos_smoke-m9tceqxp.yml -i inventory.networking" returned exit status 2.

junos_user:
===========

TASK [junos_user : ansible.builtin.assert] *************************************
[ERROR]: Task failed: Error while evaluating conditional: object of type 'dict' has no attribute 'diff'

Task failed.
Origin: /root/ansible_modules_redirection_ansible_merger_branch_venv/ansible-junos-stdlib/ansible_collections/junipernetworks/junos/tests/output/.tmp/integration/junos_user-ilw9h9ze-ÅÑŚÌβŁÈ/tests/integration/targets/junos_user/tests/netconf/basic.yaml:196:3

194     purge: true
195
196 - ansible.builtin.assert:
      ^ column 3

<<< caused by >>>

Error while evaluating conditional: object of type 'dict' has no attribute 'diff'
Origin: /root/ansible_modules_redirection_ansible_merger_branch_venv/ansible-junos-stdlib/ansible_collections/junipernetworks/junos/tests/output/.tmp/integration/junos_user-ilw9h9ze-ÅÑŚÌβŁÈ/tests/integration/targets/junos_user/tests/netconf/basic.yaml:199:9

197     that:
198       - result.changed == true
199       - result.diff.prepared is search("\- *user test_user1")
            ^ column 9

fatal: [10.221.140.20]: FAILED! => {"changed": false, "msg": "Task failed: Error while evaluating conditional: object of type 'dict' has no attribute 'diff'"}

PLAY RECAP *********************************************************************
10.221.140.20              : ok=33   changed=8    unreachable=0    failed=1    skipped=0    rescued=0    ignored=0   

NOTICE: To resume at this test target, use the option: --start-at junos_user
FATAL: Command "ansible-playbook junos_user-dzmbq1_5.yml -i inventory.networking" returned exit status 2.


junos_vrf:
=========


TASK [junos_vrf : ansible.builtin.assert] **************************************
[ERROR]: Task failed: Error while evaluating conditional: object of type 'dict' has no attribute 'diff'

Task failed.
Origin: /root/ansible_modules_redirection_ansible_merger_branch_venv/ansible-junos-stdlib/ansible_collections/junipernetworks/junos/tests/output/.tmp/integration/junos_vrf-2ybl8e2r-ÅÑŚÌβŁÈ/tests/integration/targets/junos_vrf/tests/netconf/basic.yaml:23:3

21     state: present
22
23 - ansible.builtin.assert:
     ^ column 3

<<< caused by >>>

Error while evaluating conditional: object of type 'dict' has no attribute 'diff'
Origin: /root/ansible_modules_redirection_ansible_merger_branch_venv/ansible-junos-stdlib/ansible_collections/junipernetworks/junos/tests/output/.tmp/integration/junos_vrf-2ybl8e2r-ÅÑŚÌβŁÈ/tests/integration/targets/junos_vrf/tests/netconf/basic.yaml:26:9

24     that:
25       - result.changed == true
26       - result.diff.prepared is search("\+ *test-1")
           ^ column 9

fatal: [10.221.140.20]: FAILED! => {"changed": false, "msg": "Task failed: Error while evaluating conditional: object of type 'dict' has no attribute 'diff'"}

PLAY RECAP *********************************************************************
10.221.140.20              : ok=9    changed=1    unreachable=0    failed=1    skipped=0    rescued=0    ignored=0   

NOTICE: To resume at this test target, use the option: --start-at junos_vrf
FATAL: Command "ansible-playbook junos_vrf-5t5du9lz.yml -i inventory.networking" returned exit status 2.


Passed:
======
junos_bgp_address_family
junos_bgp_global 
junos_facts
junos_hostname
junos_l2_interfaces
junos_l3_interfaces
junos_lacp 
junos_lacp_interfaces
junos_lag_interfaces
junos_lldp_global 
junos_lldp_interfaces
junos_logging_global
junos_ntp_global
junos_ospfv2
junos_ospfv3 
junos_prefix_lists 
junos_routing_instances 
junos_routing_options
junos_rpc
junos_security_policies
junos_security_policies_global
junos_security_zones
junos_snmp_server
junos_static_routes
junos_system
junos_vlans









